<?xml version="1.0" encoding="UTF-8"?>
<!-- Generated by org.testng.reporters.JUnitReportReporter -->
<testsuite skipped="0" hostname="INDTAPPL171-001" name="com.abacus.test.LoginTest" tests="1" failures="0" timestamp="19 Jul 2019 13:38:04 GMT" time="7.190" errors="0">
  <testcase name="TC_001" time="7.190" classname="com.abacus.test.LoginTest"/>
</testsuite> <!-- com.abacus.test.LoginTest -->
