<?xml version="1.0" encoding="UTF-8"?>
<!-- Generated by org.testng.reporters.JUnitReportReporter -->
<testsuite skipped="0" hostname="INDTAPPL171-001" name="com.abacus.test.DashboardTest" tests="1" failures="0" timestamp="19 Jul 2019 13:38:04 GMT" time="6.604" errors="0">
  <testcase name="dashboardTitleVerification" time="6.604" classname="com.abacus.test.DashboardTest"/>
</testsuite> <!-- com.abacus.test.DashboardTest -->
